13319 - WARNING - In energy() function for Stem: S9, Stacking energy not found for ('C', 'G') and ('G', 'A').
13319 - WARNING - In energy() function for Stem: S14, Stacking energy not found for ('A', 'G') and ('C', 'G').
13319 - WARNING - In energy() function for Stem: S18, Stacking energy not found for ('A', 'C') and ('G', 'U').
13319 - WARNING - In energy() function for Stem: S27, Stacking energy not found for ('G', 'C') and ('A', 'G').
13319 - WARNING - In energy() function for Stem: S35, Stacking energy not found for ('A', 'A') and ('G', 'C').
13319 - WARNING - In energy() function for Stem: S51, Stacking energy not found for ('C', 'G') and ('A', 'G').
13319 - WARNING - In energy() function for Stem: S53, Stacking energy not found for ('G', 'C') and ('G', 'A').
13319 - WARNING - In energy() function for Stem: S71, Stacking energy not found for ('G', 'C') and ('G', 'A').
13319 - WARNING - In energy() function for Stem: S75, Stacking energy not found for ('A', 'C') and ('U', 'A').
13319 - WARNING - In energy() function for Stem: S76, Stacking energy not found for ('C', 'U') and ('G', 'U').
13319 - WARNING - In energy() function for Stem: S82, Stacking energy not found for ('G', 'C') and ('U', 'U').
13319 - WARNING - In energy() function for Stem: S90, Stacking energy not found for ('U', 'G') and ('G', 'A').
13319 - WARNING - In energy() function for Stem: S96, Stacking energy not found for ('U', 'U') and ('C', 'G').
13319 - WARNING - In energy() function for Stem: S97, Stacking energy not found for ('G', 'C') and ('A', 'G').
13319 - WARNING - In energy() function for Stem: S98, Stacking energy not found for ('C', 'G') and ('A', 'G').
13319 - WARNING - In energy() function for Stem: S99, Stacking energy not found for ('U', 'A') and ('A', 'G').
13319 - WARNING - In energy() function for Stem: S100, Stacking energy not found for ('G', 'C') and ('C', 'U').
13319 - WARNING - In energy() function for Stem: S101, Stacking energy not found for ('G', 'A') and ('C', 'G').
13319 - WARNING - In energy() function for Stem: S9, Stacking energy not found for ('C', 'G') and ('G', 'A').
13319 - WARNING - In energy() function for Stem: S14, Stacking energy not found for ('A', 'G') and ('C', 'G').
13319 - WARNING - In energy() function for Stem: S18, Stacking energy not found for ('A', 'C') and ('G', 'U').
13319 - WARNING - In energy() function for Stem: S27, Stacking energy not found for ('G', 'C') and ('A', 'G').
13319 - WARNING - In energy() function for Stem: S35, Stacking energy not found for ('A', 'A') and ('G', 'C').
13319 - WARNING - In energy() function for Stem: S51, Stacking energy not found for ('C', 'G') and ('A', 'G').
13319 - WARNING - In energy() function for Stem: S53, Stacking energy not found for ('G', 'C') and ('G', 'A').
13319 - WARNING - In energy() function for Stem: S71, Stacking energy not found for ('G', 'C') and ('G', 'A').
13319 - WARNING - In energy() function for Stem: S71, Stacking energy not found for ('G', 'A') and ('A', 'U').
13319 - WARNING - In energy() function for Stem: S75, Stacking energy not found for ('A', 'C') and ('U', 'A').
13319 - WARNING - In energy() function for Stem: S76, Stacking energy not found for ('C', 'U') and ('G', 'U').
13319 - WARNING - In energy() function for Stem: S82, Stacking energy not found for ('G', 'C') and ('U', 'U').
13319 - WARNING - In energy() function for Stem: S82, Stacking energy not found for ('U', 'U') and ('C', 'G').
13319 - WARNING - In energy() function for Stem: S90, Stacking energy not found for ('U', 'G') and ('G', 'A').
13319 - WARNING - In energy() function for Stem: S90, Stacking energy not found for ('G', 'A') and ('C', 'G').
13319 - WARNING - In energy() function for Stem: S96, Stacking energy not found for ('U', 'U') and ('C', 'G').
13319 - WARNING - In energy() function for Stem: S97, Stacking energy not found for ('G', 'C') and ('A', 'G').
13319 - WARNING - In energy() function for Stem: S98, Stacking energy not found for ('C', 'G') and ('A', 'G').
13319 - WARNING - In energy() function for Stem: S98, Stacking energy not found for ('A', 'G') and ('U', 'G').
13319 - WARNING - In energy() function for Stem: S99, Stacking energy not found for ('U', 'A') and ('A', 'G').
13319 - WARNING - In energy() function for Stem: S99, Stacking energy not found for ('A', 'G') and ('A', 'G').
13319 - WARNING - In energy() function for Stem: S99, Stacking energy not found for ('A', 'G') and ('C', 'G').
13319 - WARNING - In energy() function for Stem: S100, Stacking energy not found for ('G', 'C') and ('C', 'U').
13319 - WARNING - In energy() function for Stem: S100, Stacking energy not found for ('C', 'U') and ('C', 'G').
13319 - WARNING - In energy() function for Stem: S101, Stacking energy not found for ('G', 'A') and ('C', 'G').
13319 - WARNING - In energy() function for Bulge: B5, No base pair stack found for ('U', 'G') and ('A', 'G'). Energy Value set to float('inf').
13319 - WARNING - In energy() function for Bulge: B6, No base pair stack found for ('U', 'A') and ('G', 'A'). Energy Value set to float('inf').
13319 - WARNING - In energy() function for Bulge: B30, No base pair stack found for ('U', 'G') and ('A', 'G'). Energy Value set to float('inf').
13319 - WARNING - In energy() function for Bulge: B5, No base pair stack found for ('U', 'G') and ('A', 'G'). Energy Value set to float('inf').
13319 - WARNING - In energy() function for Bulge: B6, No base pair stack found for ('U', 'A') and ('G', 'A'). Energy Value set to float('inf').
13319 - WARNING - In energy() function for Bulge: B30, No base pair stack found for ('U', 'G') and ('A', 'G'). Energy Value set to float('inf').
13319 - WARNING - In energy() function for Bulge: B5, No base pair stack found for ('U', 'G') and ('A', 'G'). Energy Value set to float('inf').
13319 - WARNING - In energy() function for Bulge: B6, No base pair stack found for ('U', 'A') and ('G', 'A'). Energy Value set to float('inf').
13319 - WARNING - In energy() function for Bulge: B30, No base pair stack found for ('U', 'G') and ('A', 'G'). Energy Value set to float('inf').
